SF:lib/core/errors/failures.dart
DA:5,2
DA:13,2
DA:17,2
LF:3
LH:3
end_of_record
SF:lib/modules/home/errors/home_errors.dart
DA:4,1
LF:1
LH:1
end_of_record
SF:lib/modules/home/models/image_model.dart
DA:5,1
DA:10,0
DA:14,0
DA:15,0
DA:16,0
DA:20,1
DA:21,1
DA:22,1
DA:23,1
LF:9
LH:5
end_of_record
SF:lib/modules/home/repositories/get_photo_repository_impl.dart
DA:12,1
DA:16,1
DA:18,3
DA:21,6
DA:22,5
DA:23,1
DA:24,2
DA:25,2
DA:26,2
DA:27,2
DA:28,1
DA:29,3
DA:32,1
LF:13
LH:13
end_of_record
SF:lib/modules/home/pages/home_store.g.dart
DA:14,1
DA:16,2
DA:17,1
DA:20,1
DA:22,4
DA:23,1
DA:29,1
DA:31,2
DA:32,1
DA:35,1
DA:37,4
DA:38,1
DA:44,1
DA:46,2
DA:47,1
DA:50,1
DA:52,4
DA:53,1
DA:59,1
DA:61,4
DA:64,0
DA:67,0
DA:68,0
DA:69,0
DA:70,0
LF:25
LH:20
end_of_record
SF:lib/modules/home/pages/home_store.dart
DA:11,1
DA:22,1
DA:23,1
DA:24,3
DA:25,1
DA:26,4
DA:27,3
LF:7
LH:7
end_of_record
